0 silly argv {
0 silly argv   _: [ 'publish' ],
0 silly argv   composed: 'publish',
0 silly argv   lernaVersion: '4.0.0',
0 silly argv   '$0': 'lerna'
0 silly argv }
1 notice cli v4.0.0
2 verbose rootPath /Users/tommasohou/Documents/kayak-project/tommaso-cli
3 verbose session 8c459c9375122bd3
4 verbose user-agent lerna/4.0.0/node@v16.13.1+x64 (darwin)
5 silly argv { _: [ 'publish' ], composed: 'publish', lernaVersion: '4.0.0' }
6 verbose rootPath /Users/tommasohou/Documents/kayak-project/tommaso-cli
7 info current version 1.0.0
8 silly isAnythingCommitted
9 verbose isAnythingCommitted 1
10 silly getCurrentBranch
11 verbose currentBranch master
12 silly remoteBranchExists
13 silly isBehindUpstream
14 silly isBehindUpstream master is behind origin/master by 0 commit(s) and ahead by 0
15 silly hasTags
16 verbose hasTags false
17 info Assuming all packages changed
18 verbose updated @tommaso-cli/core
19 verbose updated @tommaso-cli/utils
20 verbose git-describe undefined => "cd87b51"
21 silly git-describe parsed => {"refCount":"2","sha":"cd87b51","isDirty":false}
22 info execute Skipping releases
23 silly lifecycle No script for "preversion" in "tommaso-cli", continuing
24 silly lifecycle No script for "preversion" in "@tommaso-cli/utils", continuing
25 silly lifecycle No script for "version" in "@tommaso-cli/utils", continuing
26 silly lifecycle No script for "preversion" in "@tommaso-cli/core", continuing
27 silly lifecycle No script for "version" in "@tommaso-cli/core", continuing
28 silly lifecycle No script for "version" in "tommaso-cli", continuing
29 silly gitAdd [
29 silly gitAdd   'packages/utils/package.json',
29 silly gitAdd   'packages/core/package.json',
29 silly gitAdd   'lerna.json'
29 silly gitAdd ]
30 silly gitCommit v1.0.1
31 verbose git [ 'commit', '-m', 'v1.0.1' ]
32 silly gitTag v1.0.1
33 verbose git [ 'tag', 'v1.0.1', '-m', 'v1.0.1' ]
34 silly lifecycle No script for "postversion" in "@tommaso-cli/core", continuing
35 silly lifecycle No script for "postversion" in "@tommaso-cli/utils", continuing
36 silly lifecycle No script for "postversion" in "tommaso-cli", continuing
37 info git Pushing tags...
38 silly gitPush origin master
39 info publish Publishing packages to npm...
40 info Verifying npm credentials
41 verbose Retrieving npm user profile
42 http fetch GET 200 https://registry.npmjs.org/-/npm/v1/user 963ms
43 silly npm profile get received {"tfa":false,"name":"tommaso","email":"750871487@qq.com","email_verified":true,"created":"2017-10-24T08:26:37.783Z","updated":"2022-04-05T05:41:59.288Z","cidr_whitelist":null}
44 silly get npm username received {"username":"tommaso","tfa":false,"name":"tommaso","email":"750871487@qq.com","email_verified":true,"created":"2017-10-24T08:26:37.783Z","updated":"2022-04-05T05:41:59.288Z","cidr_whitelist":null}
45 silly verifyNpmPackageAccess
46 http fetch GET 200 https://registry.npmjs.org/-/org/tommaso/package?format=cli 879ms (cache miss)
47 info Checking two-factor auth mode
48 verbose Retrieving npm user profile
49 http fetch GET 200 https://registry.npmjs.org/-/npm/v1/user 313ms
50 silly npm profile get received {"tfa":false,"name":"tommaso","email":"750871487@qq.com","email_verified":true,"created":"2017-10-24T08:26:37.783Z","updated":"2022-04-05T05:41:59.288Z","cidr_whitelist":null}
51 silly 2FA false
52 warn ENOLICENSE Packages @tommaso-cli/core and @tommaso-cli/utils are missing a license.
52 warn ENOLICENSE One way to fix this is to add a LICENSE.md file to the root of this repository.
52 warn ENOLICENSE See https://choosealicense.com for additional guidance.
53 silly getCurrentSHA
54 verbose getCurrentSHA 3ad355fb04bdd66f0a850aea2980107a73865cc4
55 silly lifecycle No script for "prepublish" in "tommaso-cli", continuing
56 silly lifecycle No script for "prepare" in "tommaso-cli", continuing
57 silly lifecycle No script for "prepublishOnly" in "tommaso-cli", continuing
58 silly lifecycle No script for "prepack" in "tommaso-cli", continuing
59 verbose pack-directory packages/utils
60 silly lifecycle No script for "prepublish" in "@tommaso-cli/utils", continuing
61 silly lifecycle No script for "prepare" in "@tommaso-cli/utils", continuing
62 silly lifecycle No script for "prepublishOnly" in "@tommaso-cli/utils", continuing
63 silly lifecycle No script for "prepack" in "@tommaso-cli/utils", continuing
64 silly lifecycle No script for "postpack" in "@tommaso-cli/utils", continuing
65 verbose packed packages/utils
66 verbose pack-directory packages/core
67 silly lifecycle No script for "prepublish" in "@tommaso-cli/core", continuing
68 silly lifecycle No script for "prepare" in "@tommaso-cli/core", continuing
69 silly lifecycle No script for "prepublishOnly" in "@tommaso-cli/core", continuing
70 silly lifecycle No script for "prepack" in "@tommaso-cli/core", continuing
71 silly lifecycle No script for "postpack" in "@tommaso-cli/core", continuing
72 verbose packed packages/core
73 silly lifecycle No script for "postpack" in "tommaso-cli", continuing
74 verbose publish @tommaso-cli/utils
75 silly FetchError: request to http://nexus.dmall.com:8081/nexus/repository/npm-public/@tommaso-cli%2futils failed, reason: getaddrinfo ENOTFOUND nexus.dmall.com
75 silly     at ClientRequest.<anonymous> (/Users/tommasohou/Documents/kayak-project/tommaso-cli/node_modules/_minipass-fetch@1.4.1@minipass-fetch/lib/index.js:110:14)
75 silly     at ClientRequest.emit (node:events:390:28)
75 silly     at Socket.socketErrorListener (node:_http_client:447:9)
75 silly     at Socket.emit (node:events:402:35)
75 silly     at emitErrorNT (node:internal/streams/destroy:157:8)
75 silly     at emitErrorCloseNT (node:internal/streams/destroy:122:3)
75 silly     at processTicksAndRejections (node:internal/process/task_queues:83:21)
75 silly  FetchError: request to http://nexus.dmall.com:8081/nexus/repository/npm-public/@tommaso-cli%2futils failed, reason: getaddrinfo ENOTFOUND nexus.dmall.com
75 silly     at ClientRequest.<anonymous> (/Users/tommasohou/Documents/kayak-project/tommaso-cli/node_modules/_minipass-fetch@1.4.1@minipass-fetch/lib/index.js:110:14)
75 silly     at ClientRequest.emit (node:events:390:28)
75 silly     at Socket.socketErrorListener (node:_http_client:447:9)
75 silly     at Socket.emit (node:events:402:35)
75 silly     at emitErrorNT (node:internal/streams/destroy:157:8)
75 silly     at emitErrorCloseNT (node:internal/streams/destroy:122:3)
75 silly     at processTicksAndRejections (node:internal/process/task_queues:83:21) {
75 silly   code: 'ENOTFOUND',
75 silly   errno: 'ENOTFOUND',
75 silly   syscall: 'getaddrinfo',
75 silly   hostname: 'nexus.dmall.com',
75 silly   type: 'system'
75 silly }
76 error ENOTFOUND request to http://nexus.dmall.com:8081/nexus/repository/npm-public/@tommaso-cli%2futils failed, reason: getaddrinfo ENOTFOUND nexus.dmall.com
77 error FetchError: request to http://nexus.dmall.com:8081/nexus/repository/npm-public/@tommaso-cli%2futils failed, reason: getaddrinfo ENOTFOUND nexus.dmall.com
77 error     at ClientRequest.<anonymous> (/Users/tommasohou/Documents/kayak-project/tommaso-cli/node_modules/_minipass-fetch@1.4.1@minipass-fetch/lib/index.js:110:14)
77 error     at ClientRequest.emit (node:events:390:28)
77 error     at Socket.socketErrorListener (node:_http_client:447:9)
77 error     at Socket.emit (node:events:402:35)
77 error     at emitErrorNT (node:internal/streams/destroy:157:8)
77 error     at emitErrorCloseNT (node:internal/streams/destroy:122:3)
